[2025-08-24T12:23:38.641-0300] {local_task_job_runner.py:120} INFO - ::group::Pre task execution logs
[2025-08-24T12:23:38.664-0300] {taskinstance.py:2076} INFO - Dependencies all met for dep_context=non-requeueable deps ti=<TaskInstance: pipeline_processamento_viagens.executar_etl_de_viagens manual__2025-08-24T15:23:35.786416+00:00 [queued]>
[2025-08-24T12:23:38.667-0300] {taskinstance.py:2076} INFO - Dependencies all met for dep_context=requeueable deps ti=<TaskInstance: pipeline_processamento_viagens.executar_etl_de_viagens manual__2025-08-24T15:23:35.786416+00:00 [queued]>
[2025-08-24T12:23:38.667-0300] {taskinstance.py:2306} INFO - Starting attempt 1 of 1
[2025-08-24T12:23:38.675-0300] {taskinstance.py:2330} INFO - Executing <Task(PythonOperator): executar_etl_de_viagens> on 2025-08-24 15:23:35.786416+00:00
[2025-08-24T12:23:38.682-0300] {standard_task_runner.py:90} INFO - Running: ['airflow', 'tasks', 'run', 'pipeline_processamento_viagens', 'executar_etl_de_viagens', 'manual__2025-08-24T15:23:35.786416+00:00', '--job-id', '110', '--raw', '--subdir', 'DAGS_FOLDER/dag_processamento_viagens.py', '--cfg-path', '/tmp/tmpr7bnuo8l']
[2025-08-24T12:23:38.684-0300] {standard_task_runner.py:91} INFO - Job 110: Subtask executar_etl_de_viagens
[2025-08-24T12:23:38.685-0300] {logging_mixin.py:188} WARNING - /home/caioa/Airflow/venv/lib/python3.12/site-packages/airflow/task/task_runner/standard_task_runner.py:61 DeprecationWarning: This process (pid=30335) is multi-threaded, use of fork() may lead to deadlocks in the child.
[2025-08-24T12:23:38.685-0300] {standard_task_runner.py:63} INFO - Started process 30349 to run task
[2025-08-24T12:23:38.711-0300] {task_command.py:426} INFO - Running <TaskInstance: pipeline_processamento_viagens.executar_etl_de_viagens manual__2025-08-24T15:23:35.786416+00:00 [running]> on host PCzo.localdomain
[2025-08-24T12:23:38.752-0300] {taskinstance.py:2648} INFO - Exporting env vars: AIRFLOW_CTX_DAG_OWNER='airflow' AIRFLOW_CTX_DAG_ID='pipeline_processamento_viagens' AIRFLOW_CTX_TASK_ID='executar_etl_de_viagens' AIRFLOW_CTX_EXECUTION_DATE='2025-08-24T15:23:35.786416+00:00' AIRFLOW_CTX_TRY_NUMBER='1' AIRFLOW_CTX_DAG_RUN_ID='manual__2025-08-24T15:23:35.786416+00:00'
[2025-08-24T12:23:38.752-0300] {taskinstance.py:430} INFO - ::endgroup::
[2025-08-24T12:23:38.765-0300] {logging_mixin.py:188} INFO - --- Iniciando Pipeline de ETL de Viagens ---
[2025-08-24T12:23:38.765-0300] {logging_mixin.py:188} INFO - Extraindo dados de /home/caioa/Airflow/data/novas_avaliacoes.csv...
[2025-08-24T12:23:38.769-0300] {logging_mixin.py:188} INFO - Iniciando transformação dos dados...
[2025-08-24T12:23:38.779-0300] {logging_mixin.py:188} INFO - Transformação concluída.
[2025-08-24T12:23:38.779-0300] {logging_mixin.py:188} INFO - Conectando ao MongoDB em mongodb://172.23.0.1:27017/...
[2025-08-24T12:23:38.819-0300] {logging_mixin.py:188} INFO - Inserindo 3 registros na coleção 'viagens'...
[2025-08-24T12:23:38.820-0300] {logging_mixin.py:188} INFO - Dados carregados com sucesso no MongoDB.
[2025-08-24T12:23:38.820-0300] {logging_mixin.py:188} INFO - Arquivo movido para /home/caioa/Airflow/data/arquivados/20250824_122338_novas_avaliacoes.csv
[2025-08-24T12:23:38.820-0300] {logging_mixin.py:188} INFO - --- Pipeline de ETL de Viagens Concluído ---
[2025-08-24T12:23:38.821-0300] {python.py:237} INFO - Done. Returned value was: None
[2025-08-24T12:23:38.821-0300] {taskinstance.py:441} INFO - ::group::Post task execution logs
[2025-08-24T12:23:38.824-0300] {taskinstance.py:1206} INFO - Marking task as SUCCESS. dag_id=pipeline_processamento_viagens, task_id=executar_etl_de_viagens, run_id=manual__2025-08-24T15:23:35.786416+00:00, execution_date=20250824T152335, start_date=20250824T152338, end_date=20250824T152338
[2025-08-24T12:23:38.858-0300] {local_task_job_runner.py:240} INFO - Task exited with return code 0
[2025-08-24T12:23:38.865-0300] {taskinstance.py:3503} INFO - 0 downstream tasks scheduled from follow-on schedule check
[2025-08-24T12:23:38.865-0300] {local_task_job_runner.py:222} INFO - ::endgroup::
